<?xml version="1.0" encoding="UTF-8"?>
<!-- Generated by org.testng.reporters.JUnitXMLReporter -->
<testsuite ignored="0" hostname="Rashmis-MacBook-Pro.local" failures="0" tests="3" name="Default test" time="4.401" errors="0" timestamp="2023-02-15T10:18:27 CST">
  <testcase classname="tests.LoginPageTestChrome" name="setUpChrome" time="2.749"/>
  <testcase classname="tests.LoginPageTestChrome" name="launchLandingPage" time="0.675"/>
  <testcase classname="tests.LoginPageTestChrome" name="testLoginPage" time="0.734"/>
</testsuite> <!-- Default test -->
